Info : Listening on port 6666 for tcl connections
Info : Listening on port 4444 for telnet connections
Info : clock speed 1000 kHz
Info : STLINK V2J37M26 (API v2) VID:PID 0483:374B
Info : Target voltage: 2.893577
Info : stm32f3x.cpu: hardware has 6 breakpoints, 4 watchpoints
Info : starting gdb server for stm32f3x.cpu on pipe
Info : accepting 'gdb' connection from pipe
target halted due to debug-request, current mode: Thread 
xPSR: 0x21010000 pc: 0x0800807e msp: 0x20007f90
Info : device id = 0x10036422
Info : flash size = 256kbytes
Info : Unable to match requested speed 1000 kHz, using 950 kHz
Info : Unable to match requested speed 1000 kHz, using 950 kHz
target halted due to debug-request, current mode: Thread 
xPSR: 0x01000000 pc: 0x0800cc78 msp: 0x20008000
Warn : keep_alive() was not invoked in the 1000 ms timelimit. GDB alive packet not sent! (1513 ms). Workaround: increase "set remotetimeout" in GDB
Info : halted: PC: 0x080002d0
Info : halted: PC: 0x080002d2
Info : halted: PC: 0x080002d4
Info : halted: PC: 0x080002d8
Info : halted: PC: 0x080002da
Info : dropped 'gdb' connection
